Determining if the Q_WS_WIN exist failed with the following output:
Change Dir: /home/parallels/Desktop/Parallels Shared Folders/Home/Desktop/GEANT_Cubesat/CMakeFiles/CMakeTmp

Run Build Command:"/usr/bin/make" "cmTC_9a073/fast"
/usr/bin/make -f CMakeFiles/cmTC_9a073.dir/build.make CMakeFiles/cmTC_9a073.dir/build
make[1]: Entering directory '/media/psf/Home/Desktop/GEANT_Cubesat/CMakeFiles/CMakeTmp'
Building CXX object CMakeFiles/cmTC_9a073.dir/CheckSymbolExists.cxx.o
/usr/bin/c++   -I/usr/include/qt4   -o CMakeFiles/cmTC_9a073.dir/CheckSymbolExists.cxx.o -c "/home/parallels/Desktop/Parallels Shared Folders/Home/Desktop/GEANT_Cubesat/CMakeFiles/CMakeTmp/CheckSymbolExists.cxx"
/home/parallels/Desktop/Parallels Shared Folders/Home/Desktop/GEANT_Cubesat/CMakeFiles/CMakeTmp/CheckSymbolExists.cxx: In function ‘int main(int, char**)’:
/home/parallels/Desktop/Parallels Shared Folders/Home/Desktop/GEANT_Cubesat/CMakeFiles/CMakeTmp/CheckSymbolExists.cxx:8:19: error: ‘Q_WS_WIN’ was not declared in this scope
   return ((int*)(&Q_WS_WIN))[argc];
                   ^~~~~~~~
/home/parallels/Desktop/Parallels Shared Folders/Home/Desktop/GEANT_Cubesat/CMakeFiles/CMakeTmp/CheckSymbolExists.cxx:8:19: note: suggested alternative: ‘Q_WS_X11’
   return ((int*)(&Q_WS_WIN))[argc];
                   ^~~~~~~~
                   Q_WS_X11
CMakeFiles/cmTC_9a073.dir/build.make:65: recipe for target 'CMakeFiles/cmTC_9a073.dir/CheckSymbolExists.cxx.o' failed
make[1]: *** [CMakeFiles/cmTC_9a073.dir/CheckSymbolExists.cxx.o] Error 1
make[1]: Leaving directory '/media/psf/Home/Desktop/GEANT_Cubesat/CMakeFiles/CMakeTmp'
Makefile:126: recipe for target 'cmTC_9a073/fast' failed
make: *** [cmTC_9a073/fast] Error 2

File /home/parallels/Desktop/Parallels Shared Folders/Home/Desktop/GEANT_Cubesat/CMakeFiles/CMakeTmp/CheckSymbolExists.cxx:
/* */
#include <QtCore/qglobal.h>

int main(int argc, char** argv)
{
  (void)argv;
#ifndef Q_WS_WIN
  return ((int*)(&Q_WS_WIN))[argc];
#else
  (void)argc;
  return 0;
#endif
}

Determining if the Q_WS_QWS exist failed with the following output:
Change Dir: /home/parallels/Desktop/Parallels Shared Folders/Home/Desktop/GEANT_Cubesat/CMakeFiles/CMakeTmp

Run Build Command:"/usr/bin/make" "cmTC_b0f88/fast"
/usr/bin/make -f CMakeFiles/cmTC_b0f88.dir/build.make CMakeFiles/cmTC_b0f88.dir/build
make[1]: Entering directory '/media/psf/Home/Desktop/GEANT_Cubesat/CMakeFiles/CMakeTmp'
Building CXX object CMakeFiles/cmTC_b0f88.dir/CheckSymbolExists.cxx.o
/usr/bin/c++   -I/usr/include/qt4   -o CMakeFiles/cmTC_b0f88.dir/CheckSymbolExists.cxx.o -c "/home/parallels/Desktop/Parallels Shared Folders/Home/Desktop/GEANT_Cubesat/CMakeFiles/CMakeTmp/CheckSymbolExists.cxx"
/home/parallels/Desktop/Parallels Shared Folders/Home/Desktop/GEANT_Cubesat/CMakeFiles/CMakeTmp/CheckSymbolExists.cxx: In function ‘int main(int, char**)’:
/home/parallels/Desktop/Parallels Shared Folders/Home/Desktop/GEANT_Cubesat/CMakeFiles/CMakeTmp/CheckSymbolExists.cxx:8:19: error: ‘Q_WS_QWS’ was not declared in this scope
   return ((int*)(&Q_WS_QWS))[argc];
                   ^~~~~~~~
/home/parallels/Desktop/Parallels Shared Folders/Home/Desktop/GEANT_Cubesat/CMakeFiles/CMakeTmp/CheckSymbolExists.cxx:8:19: note: suggested alternative: ‘Q_WS_X11’
   return ((int*)(&Q_WS_QWS))[argc];
                   ^~~~~~~~
                   Q_WS_X11
CMakeFiles/cmTC_b0f88.dir/build.make:65: recipe for target 'CMakeFiles/cmTC_b0f88.dir/CheckSymbolExists.cxx.o' failed
make[1]: *** [CMakeFiles/cmTC_b0f88.dir/CheckSymbolExists.cxx.o] Error 1
make[1]: Leaving directory '/media/psf/Home/Desktop/GEANT_Cubesat/CMakeFiles/CMakeTmp'
Makefile:126: recipe for target 'cmTC_b0f88/fast' failed
make: *** [cmTC_b0f88/fast] Error 2

File /home/parallels/Desktop/Parallels Shared Folders/Home/Desktop/GEANT_Cubesat/CMakeFiles/CMakeTmp/CheckSymbolExists.cxx:
/* */
#include <QtCore/qglobal.h>

int main(int argc, char** argv)
{
  (void)argv;
#ifndef Q_WS_QWS
  return ((int*)(&Q_WS_QWS))[argc];
#else
  (void)argc;
  return 0;
#endif
}

Determining if the Q_WS_MAC exist failed with the following output:
Change Dir: /home/parallels/Desktop/Parallels Shared Folders/Home/Desktop/GEANT_Cubesat/CMakeFiles/CMakeTmp

Run Build Command:"/usr/bin/make" "cmTC_d7ae8/fast"
/usr/bin/make -f CMakeFiles/cmTC_d7ae8.dir/build.make CMakeFiles/cmTC_d7ae8.dir/build
make[1]: Entering directory '/media/psf/Home/Desktop/GEANT_Cubesat/CMakeFiles/CMakeTmp'
Building CXX object CMakeFiles/cmTC_d7ae8.dir/CheckSymbolExists.cxx.o
/usr/bin/c++   -I/usr/include/qt4   -o CMakeFiles/cmTC_d7ae8.dir/CheckSymbolExists.cxx.o -c "/home/parallels/Desktop/Parallels Shared Folders/Home/Desktop/GEANT_Cubesat/CMakeFiles/CMakeTmp/CheckSymbolExists.cxx"
/home/parallels/Desktop/Parallels Shared Folders/Home/Desktop/GEANT_Cubesat/CMakeFiles/CMakeTmp/CheckSymbolExists.cxx: In function ‘int main(int, char**)’:
/home/parallels/Desktop/Parallels Shared Folders/Home/Desktop/GEANT_Cubesat/CMakeFiles/CMakeTmp/CheckSymbolExists.cxx:8:19: error: ‘Q_WS_MAC’ was not declared in this scope
   return ((int*)(&Q_WS_MAC))[argc];
                   ^~~~~~~~
/home/parallels/Desktop/Parallels Shared Folders/Home/Desktop/GEANT_Cubesat/CMakeFiles/CMakeTmp/CheckSymbolExists.cxx:8:19: note: suggested alternative: ‘Q_WS_X11’
   return ((int*)(&Q_WS_MAC))[argc];
                   ^~~~~~~~
                   Q_WS_X11
CMakeFiles/cmTC_d7ae8.dir/build.make:65: recipe for target 'CMakeFiles/cmTC_d7ae8.dir/CheckSymbolExists.cxx.o' failed
make[1]: *** [CMakeFiles/cmTC_d7ae8.dir/CheckSymbolExists.cxx.o] Error 1
make[1]: Leaving directory '/media/psf/Home/Desktop/GEANT_Cubesat/CMakeFiles/CMakeTmp'
Makefile:126: recipe for target 'cmTC_d7ae8/fast' failed
make: *** [cmTC_d7ae8/fast] Error 2

File /home/parallels/Desktop/Parallels Shared Folders/Home/Desktop/GEANT_Cubesat/CMakeFiles/CMakeTmp/CheckSymbolExists.cxx:
/* */
#include <QtCore/qglobal.h>

int main(int argc, char** argv)
{
  (void)argv;
#ifndef Q_WS_MAC
  return ((int*)(&Q_WS_MAC))[argc];
#else
  (void)argc;
  return 0;
#endif
}

